<?xml version="1.0" encoding="UTF-8"?>
<ruleset name="TestScopeRules">
  <description>Rules that should only apply to test source files</description>
  <rule ref="category/java/bestpractices.xml/UnusedLocalVariable">
    <priority>3</priority>
  </rule>
  <rule ref="category/java/errorprone.xml/AvoidLiteralsInIfCondition">
    <priority>3</priority>
    <properties>
      <property name="ignoreMagicNumbers" value="-1,0" />
    </properties>
  </rule>
</ruleset>
